2024-04-11 10:35:48,213 [Worker-1: Loading available Gradle versions] INFO  o.e.b.c.i.u.g.PublishedGradleVersions - Gradle version information cache is up-to-date. Trying to read.
2024-04-11 10:38:10,089 [Worker-9: Building] INFO  o.e.m.c.i.l.LifecycleMappingFactory - Using org.eclipse.m2e.jdt.JarLifecycleMapping lifecycle mapping for MavenProject: shopping-cart:shopping-cart:0.0.1-SNAPSHOT @ C:\Users\namra\git\shopping-cart\pom.xml.
2024-04-11 10:38:10,221 [Worker-9: Building] WARN  o.e.m.c.i.embedder.EclipseLogger - The artifact mysql:mysql-connector-java:jar:8.0.33 has been relocated to com.mysql:mysql-connector-j:jar:8.0.33: MySQL Connector/J artifacts moved to reverse-DNS compliant Maven 2+ coordinates.
2024-04-11 10:38:10,540 [Worker-9: Building] WARN  o.a.m.s.f.DefaultMavenResourcesFiltering - Using platform encoding (Cp1252 actually) to copy filtered resources, i.e. build is platform dependent!
2024-04-11 10:38:10,549 [Worker-9: Building] INFO  o.a.m.s.f.DefaultMavenResourcesFiltering - Copying 1 resource from src to target\classes
2024-04-11 10:38:10,562 [Worker-9: Building] WARN  o.a.m.s.f.DefaultMavenResourcesFiltering - Using platform encoding (Cp1252 actually) to copy filtered resources, i.e. build is platform dependent!
2024-04-11 10:38:10,564 [Worker-9: Building] INFO  o.a.m.s.f.DefaultMavenResourcesFiltering - skip non existing resourceDirectory C:\Users\namra\git\shopping-cart\src\test\resources
2024-04-11 10:38:11,901 [Worker-14: Download sources and javadoc] INFO  o.e.m.c.i.e.AbstractTransferListenerAdapter - Downloading https://repo.maven.apache.org/maven2/com/google/protobuf/protobuf-java/3.21.9/protobuf-java-3.21.9-sources.jar
2024-04-11 10:38:12,248 [Worker-14: Download sources and javadoc] INFO  o.e.m.c.i.e.AbstractTransferListenerAdapter - Downloaded https://repo.maven.apache.org/maven2/com/google/protobuf/protobuf-java/3.21.9/protobuf-java-3.21.9-sources.jar
2024-04-11 10:38:12,254 [Worker-20: Building] WARN  o.a.m.s.f.DefaultMavenResourcesFiltering - Using platform encoding (Cp1252 actually) to copy filtered resources, i.e. build is platform dependent!
2024-04-11 10:38:12,288 [Worker-20: Building] INFO  o.a.m.s.f.DefaultMavenResourcesFiltering - Copying 1 resource from src to target\classes
2024-04-11 10:38:12,308 [Worker-20: Building] WARN  o.a.m.s.f.DefaultMavenResourcesFiltering - Using platform encoding (Cp1252 actually) to copy filtered resources, i.e. build is platform dependent!
2024-04-11 10:38:12,311 [Worker-14: Download sources and javadoc] INFO  o.e.m.j.internal.DownloadSourcesJob - Downloaded sources for com.google.protobuf:protobuf-java:3.21.9
2024-04-11 10:38:12,321 [Worker-20: Building] INFO  o.a.m.s.f.DefaultMavenResourcesFiltering - skip non existing resourceDirectory C:\Users\namra\git\shopping-cart\src\test\resources
2024-04-11 10:38:12,514 [Worker-14: Download sources and javadoc] INFO  o.e.m.c.i.e.AbstractTransferListenerAdapter - Downloading https://repo.maven.apache.org/maven2/javax/servlet/javax.servlet-api/3.1.0/javax.servlet-api-3.1.0-sources.jar
2024-04-11 10:38:12,941 [Worker-14: Download sources and javadoc] INFO  o.e.m.c.i.e.AbstractTransferListenerAdapter - Downloaded https://repo.maven.apache.org/maven2/javax/servlet/javax.servlet-api/3.1.0/javax.servlet-api-3.1.0-sources.jar
2024-04-11 10:38:12,948 [Worker-14: Download sources and javadoc] INFO  o.e.m.j.internal.DownloadSourcesJob - Downloaded sources for javax.servlet:javax.servlet-api:3.1.0
2024-04-11 10:38:13,174 [Worker-14: Download sources and javadoc] INFO  o.e.m.c.i.e.AbstractTransferListenerAdapter - Downloading https://repo.maven.apache.org/maven2/jakarta/mail/jakarta.mail-api/2.1.1/jakarta.mail-api-2.1.1-sources.jar
2024-04-11 10:38:13,847 [Worker-14: Download sources and javadoc] INFO  o.e.m.c.i.e.AbstractTransferListenerAdapter - Downloaded https://repo.maven.apache.org/maven2/jakarta/mail/jakarta.mail-api/2.1.1/jakarta.mail-api-2.1.1-sources.jar
2024-04-11 10:38:13,854 [Worker-14: Download sources and javadoc] INFO  o.e.m.j.internal.DownloadSourcesJob - Downloaded sources for jakarta.mail:jakarta.mail-api:2.1.1
2024-04-11 10:38:14,089 [Worker-14: Download sources and javadoc] INFO  o.e.m.c.i.e.AbstractTransferListenerAdapter - Downloading https://repo.maven.apache.org/maven2/jakarta/activation/jakarta.activation-api/2.1.1/jakarta.activation-api-2.1.1-sources.jar
2024-04-11 10:38:14,228 [Worker-14: Download sources and javadoc] INFO  o.e.m.c.i.e.AbstractTransferListenerAdapter - Downloaded https://repo.maven.apache.org/maven2/jakarta/activation/jakarta.activation-api/2.1.1/jakarta.activation-api-2.1.1-sources.jar
2024-04-11 10:38:14,236 [Worker-14: Download sources and javadoc] INFO  o.e.m.j.internal.DownloadSourcesJob - Downloaded sources for jakarta.activation:jakarta.activation-api:2.1.1
2024-04-11 10:38:14,430 [Worker-14: Download sources and javadoc] INFO  o.e.m.c.i.e.AbstractTransferListenerAdapter - Downloading https://repo.maven.apache.org/maven2/com/sun/mail/jakarta.mail/2.0.1/jakarta.mail-2.0.1-sources.jar
2024-04-11 10:38:14,974 [Worker-14: Download sources and javadoc] INFO  o.e.m.c.i.e.AbstractTransferListenerAdapter - Downloaded https://repo.maven.apache.org/maven2/com/sun/mail/jakarta.mail/2.0.1/jakarta.mail-2.0.1-sources.jar
2024-04-11 10:38:14,984 [Worker-14: Download sources and javadoc] INFO  o.e.m.j.internal.DownloadSourcesJob - Downloaded sources for com.sun.mail:jakarta.mail:2.0.1
2024-04-11 10:38:15,200 [Worker-14: Download sources and javadoc] INFO  o.e.m.c.i.e.AbstractTransferListenerAdapter - Downloading https://repo.maven.apache.org/maven2/javax/xml/ws/jaxws-api/2.3.1/jaxws-api-2.3.1-sources.jar
2024-04-11 10:38:15,526 [Worker-14: Download sources and javadoc] INFO  o.e.m.c.i.e.AbstractTransferListenerAdapter - Downloaded https://repo.maven.apache.org/maven2/javax/xml/ws/jaxws-api/2.3.1/jaxws-api-2.3.1-sources.jar
2024-04-11 10:38:15,543 [Worker-14: Download sources and javadoc] INFO  o.e.m.j.internal.DownloadSourcesJob - Downloaded sources for javax.xml.ws:jaxws-api:2.3.1
2024-04-11 10:38:15,765 [Worker-14: Download sources and javadoc] INFO  o.e.m.c.i.e.AbstractTransferListenerAdapter - Downloading https://repo.maven.apache.org/maven2/javax/xml/soap/javax.xml.soap-api/1.4.0/javax.xml.soap-api-1.4.0-sources.jar
2024-04-11 10:38:15,940 [Worker-14: Download sources and javadoc] INFO  o.e.m.c.i.e.AbstractTransferListenerAdapter - Downloaded https://repo.maven.apache.org/maven2/javax/xml/soap/javax.xml.soap-api/1.4.0/javax.xml.soap-api-1.4.0-sources.jar
2024-04-11 10:38:15,949 [Worker-14: Download sources and javadoc] INFO  o.e.m.j.internal.DownloadSourcesJob - Downloaded sources for javax.xml.soap:javax.xml.soap-api:1.4.0
2024-04-11 10:38:16,194 [Worker-14: Download sources and javadoc] INFO  o.e.m.c.i.e.AbstractTransferListenerAdapter - Downloading https://repo.maven.apache.org/maven2/javax/annotation/javax.annotation-api/1.3.2/javax.annotation-api-1.3.2-sources.jar
2024-04-11 10:38:16,296 [Worker-14: Download sources and javadoc] INFO  o.e.m.c.i.e.AbstractTransferListenerAdapter - Downloaded https://repo.maven.apache.org/maven2/javax/annotation/javax.annotation-api/1.3.2/javax.annotation-api-1.3.2-sources.jar
2024-04-11 10:38:16,303 [Worker-14: Download sources and javadoc] INFO  o.e.m.j.internal.DownloadSourcesJob - Downloaded sources for javax.annotation:javax.annotation-api:1.3.2
2024-04-11 10:38:16,505 [Worker-14: Download sources and javadoc] INFO  o.e.m.c.i.e.AbstractTransferListenerAdapter - Downloading https://repo.maven.apache.org/maven2/commons-codec/commons-codec/1.15/commons-codec-1.15-sources.jar
2024-04-11 10:38:17,154 [Worker-14: Download sources and javadoc] INFO  o.e.m.c.i.e.AbstractTransferListenerAdapter - Downloaded https://repo.maven.apache.org/maven2/commons-codec/commons-codec/1.15/commons-codec-1.15-sources.jar
2024-04-11 10:38:17,165 [Worker-14: Download sources and javadoc] INFO  o.e.m.j.internal.DownloadSourcesJob - Downloaded sources for commons-codec:commons-codec:1.15
2024-04-11 10:43:04,004 [Worker-3: Building] WARN  o.a.m.s.f.DefaultMavenResourcesFiltering - Using platform encoding (Cp1252 actually) to copy filtered resources, i.e. build is platform dependent!
2024-04-11 10:43:04,010 [Worker-3: Building] INFO  o.a.m.s.f.DefaultMavenResourcesFiltering - Copying 1 resource from src to target\classes
2024-04-11 10:43:04,020 [Worker-3: Building] WARN  o.a.m.s.f.DefaultMavenResourcesFiltering - Using platform encoding (Cp1252 actually) to copy filtered resources, i.e. build is platform dependent!
2024-04-11 10:43:04,021 [Worker-3: Building] INFO  o.a.m.s.f.DefaultMavenResourcesFiltering - skip non existing resourceDirectory C:\Users\namra\git\shopping-cart\src\test\resources
2024-04-11 10:43:48,244 [main] INFO  o.e.m2e.actions.ExecutePomAction - Creating new launch configuration
2024-04-11 10:43:54,755 [Worker-31: Launching shopping-cart] INFO  o.eclipse.m2e.core.internal.Bundles - getClasspathEntries(Bundle=org.eclipse.m2e.maven.runtime_3.9.600.20231203-1234 [297])
2024-04-11 10:43:54,758 [Worker-31: Launching shopping-cart] INFO  o.eclipse.m2e.core.internal.Bundles - 	Entry: C:\Users\namra\.p2\pool\plugins\org.eclipse.m2e.maven.runtime_3.9.600.20231203-1234
2024-04-11 10:43:54,758 [Worker-31: Launching shopping-cart] INFO  o.eclipse.m2e.core.internal.Bundles - 	Entry: C:\Users\namra\.p2\pool\plugins\org.eclipse.m2e.maven.runtime_3.9.600.20231203-1234\jars\aopalliance-1.0.jar
2024-04-11 10:43:54,758 [Worker-31: Launching shopping-cart] INFO  o.eclipse.m2e.core.internal.Bundles - 	Entry: C:\Users\namra\.p2\pool\plugins\org.eclipse.m2e.maven.runtime_3.9.600.20231203-1234\jars\guice-5.1.0.jar
2024-04-11 10:43:54,758 [Worker-31: Launching shopping-cart] INFO  o.eclipse.m2e.core.internal.Bundles - 	Entry: C:\Users\namra\.p2\pool\plugins\org.eclipse.m2e.maven.runtime_3.9.600.20231203-1234\jars\httpclient-4.5.14.jar
2024-04-11 10:43:54,758 [Worker-31: Launching shopping-cart] INFO  o.eclipse.m2e.core.internal.Bundles - 	Entry: C:\Users\namra\.p2\pool\plugins\org.eclipse.m2e.maven.runtime_3.9.600.20231203-1234\jars\httpcore-4.4.16.jar
2024-04-11 10:43:54,759 [Worker-31: Launching shopping-cart] INFO  o.eclipse.m2e.core.internal.Bundles - 	Entry: C:\Users\namra\.p2\pool\plugins\org.eclipse.m2e.maven.runtime_3.9.600.20231203-1234\jars\jansi-2.4.0.jar
2024-04-11 10:43:54,759 [Worker-31: Launching shopping-cart] INFO  o.eclipse.m2e.core.internal.Bundles - 	Entry: C:\Users\namra\.p2\pool\plugins\org.eclipse.m2e.maven.runtime_3.9.600.20231203-1234\jars\jcl-over-slf4j-1.7.36.jar
2024-04-11 10:43:54,759 [Worker-31: Launching shopping-cart] INFO  o.eclipse.m2e.core.internal.Bundles - 	Entry: C:\Users\namra\.p2\pool\plugins\org.eclipse.m2e.maven.runtime_3.9.600.20231203-1234\jars\maven-artifact-3.9.6.jar
2024-04-11 10:43:54,759 [Worker-31: Launching shopping-cart] INFO  o.eclipse.m2e.core.internal.Bundles - 	Entry: C:\Users\namra\.p2\pool\plugins\org.eclipse.m2e.maven.runtime_3.9.600.20231203-1234\jars\maven-builder-support-3.9.6.jar
2024-04-11 10:43:54,760 [Worker-31: Launching shopping-cart] INFO  o.eclipse.m2e.core.internal.Bundles - 	Entry: C:\Users\namra\.p2\pool\plugins\org.eclipse.m2e.maven.runtime_3.9.600.20231203-1234\jars\maven-compat-3.9.6.jar
2024-04-11 10:43:54,760 [Worker-31: Launching shopping-cart] INFO  o.eclipse.m2e.core.internal.Bundles - 	Entry: C:\Users\namra\.p2\pool\plugins\org.eclipse.m2e.maven.runtime_3.9.600.20231203-1234\jars\maven-core-3.9.6.jar
2024-04-11 10:43:54,761 [Worker-31: Launching shopping-cart] INFO  o.eclipse.m2e.core.internal.Bundles - 	Entry: C:\Users\namra\.p2\pool\plugins\org.eclipse.m2e.maven.runtime_3.9.600.20231203-1234\jars\maven-embedder-3.9.6.jar
2024-04-11 10:43:54,761 [Worker-31: Launching shopping-cart] INFO  o.eclipse.m2e.core.internal.Bundles - 	Entry: C:\Users\namra\.p2\pool\plugins\org.eclipse.m2e.maven.runtime_3.9.600.20231203-1234\jars\maven-model-3.9.6.jar
2024-04-11 10:43:54,761 [Worker-31: Launching shopping-cart] INFO  o.eclipse.m2e.core.internal.Bundles - 	Entry: C:\Users\namra\.p2\pool\plugins\org.eclipse.m2e.maven.runtime_3.9.600.20231203-1234\jars\maven-model-builder-3.9.6.jar
2024-04-11 10:43:54,761 [Worker-31: Launching shopping-cart] INFO  o.eclipse.m2e.core.internal.Bundles - 	Entry: C:\Users\namra\.p2\pool\plugins\org.eclipse.m2e.maven.runtime_3.9.600.20231203-1234\jars\maven-plugin-api-3.9.6.jar
2024-04-11 10:43:54,762 [Worker-31: Launching shopping-cart] INFO  o.eclipse.m2e.core.internal.Bundles - 	Entry: C:\Users\namra\.p2\pool\plugins\org.eclipse.m2e.maven.runtime_3.9.600.20231203-1234\jars\maven-repository-metadata-3.9.6.jar
2024-04-11 10:43:54,762 [Worker-31: Launching shopping-cart] INFO  o.eclipse.m2e.core.internal.Bundles - 	Entry: C:\Users\namra\.p2\pool\plugins\org.eclipse.m2e.maven.runtime_3.9.600.20231203-1234\jars\maven-resolver-api-1.9.18.jar
2024-04-11 10:43:54,762 [Worker-31: Launching shopping-cart] INFO  o.eclipse.m2e.core.internal.Bundles - 	Entry: C:\Users\namra\.p2\pool\plugins\org.eclipse.m2e.maven.runtime_3.9.600.20231203-1234\jars\maven-resolver-connector-basic-1.9.18.jar
2024-04-11 10:43:54,762 [Worker-31: Launching shopping-cart] INFO  o.eclipse.m2e.core.internal.Bundles - 	Entry: C:\Users\namra\.p2\pool\plugins\org.eclipse.m2e.maven.runtime_3.9.600.20231203-1234\jars\maven-resolver-impl-1.9.18.jar
2024-04-11 10:43:54,762 [Worker-31: Launching shopping-cart] INFO  o.eclipse.m2e.core.internal.Bundles - 	Entry: C:\Users\namra\.p2\pool\plugins\org.eclipse.m2e.maven.runtime_3.9.600.20231203-1234\jars\maven-resolver-named-locks-1.9.18.jar
2024-04-11 10:43:54,763 [Worker-31: Launching shopping-cart] INFO  o.eclipse.m2e.core.internal.Bundles - 	Entry: C:\Users\namra\.p2\pool\plugins\org.eclipse.m2e.maven.runtime_3.9.600.20231203-1234\jars\maven-resolver-provider-3.9.6.jar
2024-04-11 10:43:54,763 [Worker-31: Launching shopping-cart] INFO  o.eclipse.m2e.core.internal.Bundles - 	Entry: C:\Users\namra\.p2\pool\plugins\org.eclipse.m2e.maven.runtime_3.9.600.20231203-1234\jars\maven-resolver-spi-1.9.18.jar
2024-04-11 10:43:54,763 [Worker-31: Launching shopping-cart] INFO  o.eclipse.m2e.core.internal.Bundles - 	Entry: C:\Users\namra\.p2\pool\plugins\org.eclipse.m2e.maven.runtime_3.9.600.20231203-1234\jars\maven-resolver-transport-file-1.9.18.jar
2024-04-11 10:43:54,763 [Worker-31: Launching shopping-cart] INFO  o.eclipse.m2e.core.internal.Bundles - 	Entry: C:\Users\namra\.p2\pool\plugins\org.eclipse.m2e.maven.runtime_3.9.600.20231203-1234\jars\maven-resolver-transport-http-1.9.18.jar
2024-04-11 10:43:54,764 [Worker-31: Launching shopping-cart] INFO  o.eclipse.m2e.core.internal.Bundles - 	Entry: C:\Users\namra\.p2\pool\plugins\org.eclipse.m2e.maven.runtime_3.9.600.20231203-1234\jars\maven-resolver-transport-wagon-1.9.18.jar
2024-04-11 10:43:54,764 [Worker-31: Launching shopping-cart] INFO  o.eclipse.m2e.core.internal.Bundles - 	Entry: C:\Users\namra\.p2\pool\plugins\org.eclipse.m2e.maven.runtime_3.9.600.20231203-1234\jars\maven-resolver-util-1.9.18.jar
2024-04-11 10:43:54,764 [Worker-31: Launching shopping-cart] INFO  o.eclipse.m2e.core.internal.Bundles - 	Entry: C:\Users\namra\.p2\pool\plugins\org.eclipse.m2e.maven.runtime_3.9.600.20231203-1234\jars\maven-settings-3.9.6.jar
2024-04-11 10:43:54,764 [Worker-31: Launching shopping-cart] INFO  o.eclipse.m2e.core.internal.Bundles - 	Entry: C:\Users\namra\.p2\pool\plugins\org.eclipse.m2e.maven.runtime_3.9.600.20231203-1234\jars\maven-settings-builder-3.9.6.jar
2024-04-11 10:43:54,764 [Worker-31: Launching shopping-cart] INFO  o.eclipse.m2e.core.internal.Bundles - 	Entry: C:\Users\namra\.p2\pool\plugins\org.eclipse.m2e.maven.runtime_3.9.600.20231203-1234\jars\maven-shared-utils-3.3.4.jar
2024-04-11 10:43:54,765 [Worker-31: Launching shopping-cart] INFO  o.eclipse.m2e.core.internal.Bundles - 	Entry: C:\Users\namra\.p2\pool\plugins\org.eclipse.m2e.maven.runtime_3.9.600.20231203-1234\jars\org.eclipse.sisu.inject-0.9.0.M2.jar
2024-04-11 10:43:54,765 [Worker-31: Launching shopping-cart] INFO  o.eclipse.m2e.core.internal.Bundles - 	Entry: C:\Users\namra\.p2\pool\plugins\org.eclipse.m2e.maven.runtime_3.9.600.20231203-1234\jars\org.eclipse.sisu.plexus-0.9.0.M2.jar
2024-04-11 10:43:54,765 [Worker-31: Launching shopping-cart] INFO  o.eclipse.m2e.core.internal.Bundles - 	Entry: C:\Users\namra\.p2\pool\plugins\org.eclipse.m2e.maven.runtime_3.9.600.20231203-1234\jars\plexus-build-api-0.0.7.jar
2024-04-11 10:43:54,765 [Worker-31: Launching shopping-cart] INFO  o.eclipse.m2e.core.internal.Bundles - 	Entry: C:\Users\namra\.p2\pool\plugins\org.eclipse.m2e.maven.runtime_3.9.600.20231203-1234\jars\plexus-cipher-2.0.jar
2024-04-11 10:43:54,765 [Worker-31: Launching shopping-cart] INFO  o.eclipse.m2e.core.internal.Bundles - 	Entry: C:\Users\namra\.p2\pool\plugins\org.eclipse.m2e.maven.runtime_3.9.600.20231203-1234\jars\plexus-classworlds-2.7.0.jar
2024-04-11 10:43:54,765 [Worker-31: Launching shopping-cart] INFO  o.eclipse.m2e.core.internal.Bundles - 	Entry: C:\Users\namra\.p2\pool\plugins\org.eclipse.m2e.maven.runtime_3.9.600.20231203-1234\jars\plexus-component-annotations-2.1.0.jar
2024-04-11 10:43:54,766 [Worker-31: Launching shopping-cart] INFO  o.eclipse.m2e.core.internal.Bundles - 	Entry: C:\Users\namra\.p2\pool\plugins\org.eclipse.m2e.maven.runtime_3.9.600.20231203-1234\jars\plexus-interpolation-1.26.jar
2024-04-11 10:43:54,766 [Worker-31: Launching shopping-cart] INFO  o.eclipse.m2e.core.internal.Bundles - 	Entry: C:\Users\namra\.p2\pool\plugins\org.eclipse.m2e.maven.runtime_3.9.600.20231203-1234\jars\plexus-sec-dispatcher-2.0.jar
2024-04-11 10:43:54,766 [Worker-31: Launching shopping-cart] INFO  o.eclipse.m2e.core.internal.Bundles - 	Entry: C:\Users\namra\.p2\pool\plugins\org.eclipse.m2e.maven.runtime_3.9.600.20231203-1234\jars\plexus-utils-3.5.1.jar
2024-04-11 10:43:54,766 [Worker-31: Launching shopping-cart] INFO  o.eclipse.m2e.core.internal.Bundles - 	Entry: C:\Users\namra\.p2\pool\plugins\org.eclipse.m2e.maven.runtime_3.9.600.20231203-1234\jars\wagon-file-3.5.3.jar
2024-04-11 10:43:54,766 [Worker-31: Launching shopping-cart] INFO  o.eclipse.m2e.core.internal.Bundles - 	Entry: C:\Users\namra\.p2\pool\plugins\org.eclipse.m2e.maven.runtime_3.9.600.20231203-1234\jars\wagon-http-3.5.3.jar
2024-04-11 10:43:54,766 [Worker-31: Launching shopping-cart] INFO  o.eclipse.m2e.core.internal.Bundles - 	Entry: C:\Users\namra\.p2\pool\plugins\org.eclipse.m2e.maven.runtime_3.9.600.20231203-1234\jars\wagon-http-shared-3.5.3.jar
2024-04-11 10:43:54,766 [Worker-31: Launching shopping-cart] INFO  o.eclipse.m2e.core.internal.Bundles - 	Entry: C:\Users\namra\.p2\pool\plugins\org.eclipse.m2e.maven.runtime_3.9.600.20231203-1234\jars\wagon-provider-api-3.5.3.jar
2024-04-11 10:43:54,768 [Worker-31: Launching shopping-cart] INFO  o.eclipse.m2e.core.internal.Bundles - getClasspathEntries(Bundle=com.google.guava_33.0.0.jre [10])
2024-04-11 10:43:54,769 [Worker-31: Launching shopping-cart] INFO  o.eclipse.m2e.core.internal.Bundles - 	Entry: C:\Users\namra\.p2\pool\plugins\com.google.guava_33.0.0.jre.jar
2024-04-11 10:43:54,769 [Worker-31: Launching shopping-cart] INFO  o.eclipse.m2e.core.internal.Bundles - getClasspathEntries(Bundle=slf4j.api_2.0.12 [519])
2024-04-11 10:43:54,770 [Worker-31: Launching shopping-cart] INFO  o.eclipse.m2e.core.internal.Bundles - 	Entry: C:\Users\namra\.p2\pool\plugins\slf4j.api_2.0.12.jar
2024-04-11 10:43:54,770 [Worker-31: Launching shopping-cart] INFO  o.eclipse.m2e.core.internal.Bundles - getClasspathEntries(Bundle=jakarta.inject.jakarta.inject-api_1.0.5 [22])
2024-04-11 10:43:54,770 [Worker-31: Launching shopping-cart] INFO  o.eclipse.m2e.core.internal.Bundles - 	Entry: C:\Users\namra\.p2\pool\plugins\jakarta.inject.jakarta.inject-api_1.0.5.jar
2024-04-11 10:43:54,770 [Worker-31: Launching shopping-cart] INFO  o.eclipse.m2e.core.internal.Bundles - getClasspathEntries(Bundle=jakarta.annotation-api_1.3.5 [20])
2024-04-11 10:43:54,771 [Worker-31: Launching shopping-cart] INFO  o.eclipse.m2e.core.internal.Bundles - 	Entry: C:\Users\namra\.p2\pool\plugins\jakarta.annotation-api_1.3.5.jar
2024-04-11 10:43:54,771 [Worker-31: Launching shopping-cart] INFO  o.eclipse.m2e.core.internal.Bundles - getClasspathEntries(Bundle=org.apache.commons.cli_1.6.0 [46])
2024-04-11 10:43:54,772 [Worker-31: Launching shopping-cart] INFO  o.eclipse.m2e.core.internal.Bundles - 	Entry: C:\Users\namra\.p2\pool\plugins\org.apache.commons.cli_1.6.0.jar
2024-04-11 10:43:54,772 [Worker-31: Launching shopping-cart] INFO  o.eclipse.m2e.core.internal.Bundles - getClasspathEntries(Bundle=org.apache.commons.commons-codec_1.16.0 [47])
2024-04-11 10:43:54,773 [Worker-31: Launching shopping-cart] INFO  o.eclipse.m2e.core.internal.Bundles - 	Entry: C:\Users\namra\.p2\pool\plugins\org.apache.commons.commons-codec_1.16.0.jar
2024-04-11 10:43:54,773 [Worker-31: Launching shopping-cart] INFO  o.eclipse.m2e.core.internal.Bundles - getClasspathEntries(Bundle=org.apache.commons.lang3_3.14.0 [53])
2024-04-11 10:43:54,773 [Worker-31: Launching shopping-cart] INFO  o.eclipse.m2e.core.internal.Bundles - 	Entry: C:\Users\namra\.p2\pool\plugins\org.apache.commons.lang3_3.14.0.jar
2024-04-11 10:43:54,773 [Worker-31: Launching shopping-cart] INFO  o.eclipse.m2e.core.internal.Bundles - getClasspathEntries(Bundle=com.google.guava.failureaccess_1.0.2 [11])
2024-04-11 10:43:54,774 [Worker-31: Launching shopping-cart] INFO  o.eclipse.m2e.core.internal.Bundles - 	Entry: C:\Users\namra\.p2\pool\plugins\com.google.guava.failureaccess_1.0.2.jar
2024-04-11 10:43:54,778 [Worker-31: Launching shopping-cart] INFO  o.e.m.i.launch.MavenLaunchDelegate - Run build in "C:\Users\namra\git\shopping-cart":
2024-04-11 10:43:54,782 [Worker-31: Launching shopping-cart] INFO  o.e.m.i.launch.MavenLaunchDelegate -  mvn  -B -Dstyle.color=always clean install
2024-04-11 10:44:23,536 [Worker-34: Updating Maven Project] INFO  o.e.m.c.i.p.ProjectConfigurationManager - Update started
2024-04-11 10:44:24,059 [Worker-34: Updating Maven Project] INFO  o.e.m.c.i.l.LifecycleMappingFactory - Using org.eclipse.m2e.jdt.JarLifecycleMapping lifecycle mapping for MavenProject: shopping-cart:shopping-cart:0.0.1-SNAPSHOT @ C:\Users\namra\git\shopping-cart\pom.xml.
2024-04-11 10:44:24,145 [Worker-34: Updating Maven Project] WARN  o.e.m.c.i.embedder.EclipseLogger - The artifact mysql:mysql-connector-java:jar:8.0.33 has been relocated to com.mysql:mysql-connector-j:jar:8.0.33: MySQL Connector/J artifacts moved to reverse-DNS compliant Maven 2+ coordinates.
2024-04-11 10:44:24,345 [Worker-34: Updating Maven Project] INFO  o.e.m.j.i.AbstractJavaProjectConfigurator - Adding source folder /shopping-cart/src
2024-04-11 10:44:24,347 [Worker-34: Updating Maven Project] INFO  o.e.m.j.i.AbstractJavaProjectConfigurator - Resources folder /shopping-cart/src overlaps with sources folder /shopping-cart/src
2024-04-11 10:44:24,349 [Worker-34: Updating Maven Project] INFO  o.e.m.j.i.AbstractJavaProjectConfigurator - Not adding source folder /shopping-cart/src/test/java because it overlaps with /shopping-cart/src
2024-04-11 10:44:24,350 [Worker-34: Updating Maven Project] INFO  o.e.m.j.i.AbstractJavaProjectConfigurator - Resources folder /shopping-cart/src/test/resources overlaps with sources folder /shopping-cart/src
2024-04-11 10:44:24,696 [Worker-34: Updating Maven Project] INFO  o.e.m.c.i.p.ProjectConfigurationManager - Update completed for 1 poms: local refresh takes 0.00 sec, refresh facades takes 0.00 sec, update config takes 0.00 sec 
2024-04-11 10:44:25,104 [Worker-3: Building] WARN  o.a.m.s.f.DefaultMavenResourcesFiltering - Using platform encoding (Cp1252 actually) to copy filtered resources, i.e. build is platform dependent!
2024-04-11 10:44:25,106 [Worker-3: Building] INFO  o.a.m.s.f.DefaultMavenResourcesFiltering - Copying 1 resource from src to target\classes
2024-04-11 10:44:25,117 [Worker-3: Building] WARN  o.a.m.s.f.DefaultMavenResourcesFiltering - Using platform encoding (Cp1252 actually) to copy filtered resources, i.e. build is platform dependent!
2024-04-11 10:44:25,119 [Worker-3: Building] INFO  o.a.m.s.f.DefaultMavenResourcesFiltering - skip non existing resourceDirectory C:\Users\namra\git\shopping-cart\src\test\resources
2024-04-11 10:45:44,146 [Worker-3: Launching shopping-cart] INFO  o.eclipse.m2e.core.internal.Bundles - getClasspathEntries(Bundle=org.eclipse.m2e.maven.runtime_3.9.600.20231203-1234 [297])
2024-04-11 10:45:44,147 [Worker-3: Launching shopping-cart] INFO  o.eclipse.m2e.core.internal.Bundles - 	Entry: C:\Users\namra\.p2\pool\plugins\org.eclipse.m2e.maven.runtime_3.9.600.20231203-1234
2024-04-11 10:45:44,148 [Worker-3: Launching shopping-cart] INFO  o.eclipse.m2e.core.internal.Bundles - 	Entry: C:\Users\namra\.p2\pool\plugins\org.eclipse.m2e.maven.runtime_3.9.600.20231203-1234\jars\aopalliance-1.0.jar
2024-04-11 10:45:44,148 [Worker-3: Launching shopping-cart] INFO  o.eclipse.m2e.core.internal.Bundles - 	Entry: C:\Users\namra\.p2\pool\plugins\org.eclipse.m2e.maven.runtime_3.9.600.20231203-1234\jars\guice-5.1.0.jar
2024-04-11 10:45:44,148 [Worker-3: Launching shopping-cart] INFO  o.eclipse.m2e.core.internal.Bundles - 	Entry: C:\Users\namra\.p2\pool\plugins\org.eclipse.m2e.maven.runtime_3.9.600.20231203-1234\jars\httpclient-4.5.14.jar
2024-04-11 10:45:44,148 [Worker-3: Launching shopping-cart] INFO  o.eclipse.m2e.core.internal.Bundles - 	Entry: C:\Users\namra\.p2\pool\plugins\org.eclipse.m2e.maven.runtime_3.9.600.20231203-1234\jars\httpcore-4.4.16.jar
2024-04-11 10:45:44,148 [Worker-3: Launching shopping-cart] INFO  o.eclipse.m2e.core.internal.Bundles - 	Entry: C:\Users\namra\.p2\pool\plugins\org.eclipse.m2e.maven.runtime_3.9.600.20231203-1234\jars\jansi-2.4.0.jar
2024-04-11 10:45:44,149 [Worker-3: Launching shopping-cart] INFO  o.eclipse.m2e.core.internal.Bundles - 	Entry: C:\Users\namra\.p2\pool\plugins\org.eclipse.m2e.maven.runtime_3.9.600.20231203-1234\jars\jcl-over-slf4j-1.7.36.jar
2024-04-11 10:45:44,149 [Worker-3: Launching shopping-cart] INFO  o.eclipse.m2e.core.internal.Bundles - 	Entry: C:\Users\namra\.p2\pool\plugins\org.eclipse.m2e.maven.runtime_3.9.600.20231203-1234\jars\maven-artifact-3.9.6.jar
2024-04-11 10:45:44,149 [Worker-3: Launching shopping-cart] INFO  o.eclipse.m2e.core.internal.Bundles - 	Entry: C:\Users\namra\.p2\pool\plugins\org.eclipse.m2e.maven.runtime_3.9.600.20231203-1234\jars\maven-builder-support-3.9.6.jar
2024-04-11 10:45:44,149 [Worker-3: Launching shopping-cart] INFO  o.eclipse.m2e.core.internal.Bundles - 	Entry: C:\Users\namra\.p2\pool\plugins\org.eclipse.m2e.maven.runtime_3.9.600.20231203-1234\jars\maven-compat-3.9.6.jar
2024-04-11 10:45:44,150 [Worker-3: Launching shopping-cart] INFO  o.eclipse.m2e.core.internal.Bundles - 	Entry: C:\Users\namra\.p2\pool\plugins\org.eclipse.m2e.maven.runtime_3.9.600.20231203-1234\jars\maven-core-3.9.6.jar
2024-04-11 10:45:44,150 [Worker-3: Launching shopping-cart] INFO  o.eclipse.m2e.core.internal.Bundles - 	Entry: C:\Users\namra\.p2\pool\plugins\org.eclipse.m2e.maven.runtime_3.9.600.20231203-1234\jars\maven-embedder-3.9.6.jar
2024-04-11 10:45:44,150 [Worker-3: Launching shopping-cart] INFO  o.eclipse.m2e.core.internal.Bundles - 	Entry: C:\Users\namra\.p2\pool\plugins\org.eclipse.m2e.maven.runtime_3.9.600.20231203-1234\jars\maven-model-3.9.6.jar
2024-04-11 10:45:44,151 [Worker-3: Launching shopping-cart] INFO  o.eclipse.m2e.core.internal.Bundles - 	Entry: C:\Users\namra\.p2\pool\plugins\org.eclipse.m2e.maven.runtime_3.9.600.20231203-1234\jars\maven-model-builder-3.9.6.jar
2024-04-11 10:45:44,151 [Worker-3: Launching shopping-cart] INFO  o.eclipse.m2e.core.internal.Bundles - 	Entry: C:\Users\namra\.p2\pool\plugins\org.eclipse.m2e.maven.runtime_3.9.600.20231203-1234\jars\maven-plugin-api-3.9.6.jar
2024-04-11 10:45:44,151 [Worker-3: Launching shopping-cart] INFO  o.eclipse.m2e.core.internal.Bundles - 	Entry: C:\Users\namra\.p2\pool\plugins\org.eclipse.m2e.maven.runtime_3.9.600.20231203-1234\jars\maven-repository-metadata-3.9.6.jar
2024-04-11 10:45:44,151 [Worker-3: Launching shopping-cart] INFO  o.eclipse.m2e.core.internal.Bundles - 	Entry: C:\Users\namra\.p2\pool\plugins\org.eclipse.m2e.maven.runtime_3.9.600.20231203-1234\jars\maven-resolver-api-1.9.18.jar
2024-04-11 10:45:44,151 [Worker-3: Launching shopping-cart] INFO  o.eclipse.m2e.core.internal.Bundles - 	Entry: C:\Users\namra\.p2\pool\plugins\org.eclipse.m2e.maven.runtime_3.9.600.20231203-1234\jars\maven-resolver-connector-basic-1.9.18.jar
2024-04-11 10:45:44,152 [Worker-3: Launching shopping-cart] INFO  o.eclipse.m2e.core.internal.Bundles - 	Entry: C:\Users\namra\.p2\pool\plugins\org.eclipse.m2e.maven.runtime_3.9.600.20231203-1234\jars\maven-resolver-impl-1.9.18.jar
2024-04-11 10:45:44,152 [Worker-3: Launching shopping-cart] INFO  o.eclipse.m2e.core.internal.Bundles - 	Entry: C:\Users\namra\.p2\pool\plugins\org.eclipse.m2e.maven.runtime_3.9.600.20231203-1234\jars\maven-resolver-named-locks-1.9.18.jar
2024-04-11 10:45:44,152 [Worker-3: Launching shopping-cart] INFO  o.eclipse.m2e.core.internal.Bundles - 	Entry: C:\Users\namra\.p2\pool\plugins\org.eclipse.m2e.maven.runtime_3.9.600.20231203-1234\jars\maven-resolver-provider-3.9.6.jar
2024-04-11 10:45:44,152 [Worker-3: Launching shopping-cart] INFO  o.eclipse.m2e.core.internal.Bundles - 	Entry: C:\Users\namra\.p2\pool\plugins\org.eclipse.m2e.maven.runtime_3.9.600.20231203-1234\jars\maven-resolver-spi-1.9.18.jar
2024-04-11 10:45:44,152 [Worker-3: Launching shopping-cart] INFO  o.eclipse.m2e.core.internal.Bundles - 	Entry: C:\Users\namra\.p2\pool\plugins\org.eclipse.m2e.maven.runtime_3.9.600.20231203-1234\jars\maven-resolver-transport-file-1.9.18.jar
2024-04-11 10:45:44,152 [Worker-3: Launching shopping-cart] INFO  o.eclipse.m2e.core.internal.Bundles - 	Entry: C:\Users\namra\.p2\pool\plugins\org.eclipse.m2e.maven.runtime_3.9.600.20231203-1234\jars\maven-resolver-transport-http-1.9.18.jar
2024-04-11 10:45:44,152 [Worker-3: Launching shopping-cart] INFO  o.eclipse.m2e.core.internal.Bundles - 	Entry: C:\Users\namra\.p2\pool\plugins\org.eclipse.m2e.maven.runtime_3.9.600.20231203-1234\jars\maven-resolver-transport-wagon-1.9.18.jar
2024-04-11 10:45:44,153 [Worker-3: Launching shopping-cart] INFO  o.eclipse.m2e.core.internal.Bundles - 	Entry: C:\Users\namra\.p2\pool\plugins\org.eclipse.m2e.maven.runtime_3.9.600.20231203-1234\jars\maven-resolver-util-1.9.18.jar
2024-04-11 10:45:44,153 [Worker-3: Launching shopping-cart] INFO  o.eclipse.m2e.core.internal.Bundles - 	Entry: C:\Users\namra\.p2\pool\plugins\org.eclipse.m2e.maven.runtime_3.9.600.20231203-1234\jars\maven-settings-3.9.6.jar
2024-04-11 10:45:44,153 [Worker-3: Launching shopping-cart] INFO  o.eclipse.m2e.core.internal.Bundles - 	Entry: C:\Users\namra\.p2\pool\plugins\org.eclipse.m2e.maven.runtime_3.9.600.20231203-1234\jars\maven-settings-builder-3.9.6.jar
2024-04-11 10:45:44,153 [Worker-3: Launching shopping-cart] INFO  o.eclipse.m2e.core.internal.Bundles - 	Entry: C:\Users\namra\.p2\pool\plugins\org.eclipse.m2e.maven.runtime_3.9.600.20231203-1234\jars\maven-shared-utils-3.3.4.jar
2024-04-11 10:45:44,153 [Worker-3: Launching shopping-cart] INFO  o.eclipse.m2e.core.internal.Bundles - 	Entry: C:\Users\namra\.p2\pool\plugins\org.eclipse.m2e.maven.runtime_3.9.600.20231203-1234\jars\org.eclipse.sisu.inject-0.9.0.M2.jar
2024-04-11 10:45:44,153 [Worker-3: Launching shopping-cart] INFO  o.eclipse.m2e.core.internal.Bundles - 	Entry: C:\Users\namra\.p2\pool\plugins\org.eclipse.m2e.maven.runtime_3.9.600.20231203-1234\jars\org.eclipse.sisu.plexus-0.9.0.M2.jar
2024-04-11 10:45:44,154 [Worker-3: Launching shopping-cart] INFO  o.eclipse.m2e.core.internal.Bundles - 	Entry: C:\Users\namra\.p2\pool\plugins\org.eclipse.m2e.maven.runtime_3.9.600.20231203-1234\jars\plexus-build-api-0.0.7.jar
2024-04-11 10:45:44,154 [Worker-3: Launching shopping-cart] INFO  o.eclipse.m2e.core.internal.Bundles - 	Entry: C:\Users\namra\.p2\pool\plugins\org.eclipse.m2e.maven.runtime_3.9.600.20231203-1234\jars\plexus-cipher-2.0.jar
2024-04-11 10:45:44,154 [Worker-3: Launching shopping-cart] INFO  o.eclipse.m2e.core.internal.Bundles - 	Entry: C:\Users\namra\.p2\pool\plugins\org.eclipse.m2e.maven.runtime_3.9.600.20231203-1234\jars\plexus-classworlds-2.7.0.jar
2024-04-11 10:45:44,154 [Worker-3: Launching shopping-cart] INFO  o.eclipse.m2e.core.internal.Bundles - 	Entry: C:\Users\namra\.p2\pool\plugins\org.eclipse.m2e.maven.runtime_3.9.600.20231203-1234\jars\plexus-component-annotations-2.1.0.jar
2024-04-11 10:45:44,154 [Worker-3: Launching shopping-cart] INFO  o.eclipse.m2e.core.internal.Bundles - 	Entry: C:\Users\namra\.p2\pool\plugins\org.eclipse.m2e.maven.runtime_3.9.600.20231203-1234\jars\plexus-interpolation-1.26.jar
2024-04-11 10:45:44,154 [Worker-3: Launching shopping-cart] INFO  o.eclipse.m2e.core.internal.Bundles - 	Entry: C:\Users\namra\.p2\pool\plugins\org.eclipse.m2e.maven.runtime_3.9.600.20231203-1234\jars\plexus-sec-dispatcher-2.0.jar
2024-04-11 10:45:44,155 [Worker-3: Launching shopping-cart] INFO  o.eclipse.m2e.core.internal.Bundles - 	Entry: C:\Users\namra\.p2\pool\plugins\org.eclipse.m2e.maven.runtime_3.9.600.20231203-1234\jars\plexus-utils-3.5.1.jar
2024-04-11 10:45:44,155 [Worker-3: Launching shopping-cart] INFO  o.eclipse.m2e.core.internal.Bundles - 	Entry: C:\Users\namra\.p2\pool\plugins\org.eclipse.m2e.maven.runtime_3.9.600.20231203-1234\jars\wagon-file-3.5.3.jar
2024-04-11 10:45:44,155 [Worker-3: Launching shopping-cart] INFO  o.eclipse.m2e.core.internal.Bundles - 	Entry: C:\Users\namra\.p2\pool\plugins\org.eclipse.m2e.maven.runtime_3.9.600.20231203-1234\jars\wagon-http-3.5.3.jar
2024-04-11 10:45:44,155 [Worker-3: Launching shopping-cart] INFO  o.eclipse.m2e.core.internal.Bundles - 	Entry: C:\Users\namra\.p2\pool\plugins\org.eclipse.m2e.maven.runtime_3.9.600.20231203-1234\jars\wagon-http-shared-3.5.3.jar
2024-04-11 10:45:44,155 [Worker-3: Launching shopping-cart] INFO  o.eclipse.m2e.core.internal.Bundles - 	Entry: C:\Users\namra\.p2\pool\plugins\org.eclipse.m2e.maven.runtime_3.9.600.20231203-1234\jars\wagon-provider-api-3.5.3.jar
2024-04-11 10:45:44,155 [Worker-3: Launching shopping-cart] INFO  o.eclipse.m2e.core.internal.Bundles - getClasspathEntries(Bundle=com.google.guava_33.0.0.jre [10])
2024-04-11 10:45:44,156 [Worker-3: Launching shopping-cart] INFO  o.eclipse.m2e.core.internal.Bundles - 	Entry: C:\Users\namra\.p2\pool\plugins\com.google.guava_33.0.0.jre.jar
2024-04-11 10:45:44,156 [Worker-3: Launching shopping-cart] INFO  o.eclipse.m2e.core.internal.Bundles - getClasspathEntries(Bundle=slf4j.api_2.0.12 [519])
2024-04-11 10:45:44,157 [Worker-3: Launching shopping-cart] INFO  o.eclipse.m2e.core.internal.Bundles - 	Entry: C:\Users\namra\.p2\pool\plugins\slf4j.api_2.0.12.jar
2024-04-11 10:45:44,157 [Worker-3: Launching shopping-cart] INFO  o.eclipse.m2e.core.internal.Bundles - getClasspathEntries(Bundle=jakarta.inject.jakarta.inject-api_1.0.5 [22])
2024-04-11 10:45:44,157 [Worker-3: Launching shopping-cart] INFO  o.eclipse.m2e.core.internal.Bundles - 	Entry: C:\Users\namra\.p2\pool\plugins\jakarta.inject.jakarta.inject-api_1.0.5.jar
2024-04-11 10:45:44,157 [Worker-3: Launching shopping-cart] INFO  o.eclipse.m2e.core.internal.Bundles - getClasspathEntries(Bundle=jakarta.annotation-api_1.3.5 [20])
2024-04-11 10:45:44,158 [Worker-3: Launching shopping-cart] INFO  o.eclipse.m2e.core.internal.Bundles - 	Entry: C:\Users\namra\.p2\pool\plugins\jakarta.annotation-api_1.3.5.jar
2024-04-11 10:45:44,158 [Worker-3: Launching shopping-cart] INFO  o.eclipse.m2e.core.internal.Bundles - getClasspathEntries(Bundle=org.apache.commons.cli_1.6.0 [46])
2024-04-11 10:45:44,159 [Worker-3: Launching shopping-cart] INFO  o.eclipse.m2e.core.internal.Bundles - 	Entry: C:\Users\namra\.p2\pool\plugins\org.apache.commons.cli_1.6.0.jar
2024-04-11 10:45:44,159 [Worker-3: Launching shopping-cart] INFO  o.eclipse.m2e.core.internal.Bundles - getClasspathEntries(Bundle=org.apache.commons.commons-codec_1.16.0 [47])
2024-04-11 10:45:44,159 [Worker-3: Launching shopping-cart] INFO  o.eclipse.m2e.core.internal.Bundles - 	Entry: C:\Users\namra\.p2\pool\plugins\org.apache.commons.commons-codec_1.16.0.jar
2024-04-11 10:45:44,159 [Worker-3: Launching shopping-cart] INFO  o.eclipse.m2e.core.internal.Bundles - getClasspathEntries(Bundle=org.apache.commons.lang3_3.14.0 [53])
2024-04-11 10:45:44,159 [Worker-3: Launching shopping-cart] INFO  o.eclipse.m2e.core.internal.Bundles - 	Entry: C:\Users\namra\.p2\pool\plugins\org.apache.commons.lang3_3.14.0.jar
2024-04-11 10:45:44,159 [Worker-3: Launching shopping-cart] INFO  o.eclipse.m2e.core.internal.Bundles - getClasspathEntries(Bundle=com.google.guava.failureaccess_1.0.2 [11])
2024-04-11 10:45:44,159 [Worker-3: Launching shopping-cart] INFO  o.eclipse.m2e.core.internal.Bundles - 	Entry: C:\Users\namra\.p2\pool\plugins\com.google.guava.failureaccess_1.0.2.jar
2024-04-11 10:45:44,162 [Worker-3: Launching shopping-cart] INFO  o.e.m.i.launch.MavenLaunchDelegate - Run build in "C:\Users\namra\git\shopping-cart":
2024-04-11 10:45:44,162 [Worker-3: Launching shopping-cart] INFO  o.e.m.i.launch.MavenLaunchDelegate -  mvn  -B -Dstyle.color=always clean install
